This is TeX, C Version 3.0 (format=lplain3 91.5.27)  9 NOV 1991 18:33
**&lplain ps7-owl-solns
(ps7-owl-solns.tex
LaTeX Version 2.09 <7 Dec 1989>
(../6001mac.tex (/src/tex3/libdir/macros/article.sty
Document Style `article' <16 Mar 88>.
(/src/tex3/libdir/macros/art11.sty)
\c@part=\count78
\c@section=\count79
\c@subsection=\count80
\c@subsubsection=\count81
\c@paragraph=\count82
\c@subparagraph=\count83
\c@figure=\count84
\c@table=\count85
)
\hlessmm=\skip41
\hlessmmmm=\skip42
\illuswidth=\skip43
)
No file ps7-owl-solns.aux.
[1

] [2] [3] [4] [5] [6] [7] [8] [9] [10] [11] (ps7-owl-solns.aux) ) 
Here is how much of TeX's memory you used:
 176 strings out of 4462
 1647 string characters out of 63218
 34194 words of memory out of 262141
 2125 multiletter control sequences out of 9500
 18996 words of font info for 72 fonts, out of 72000 for 255
 14 hyphenation exceptions out of 607
 13i,6n,15p,254b,265s stack positions out of 300i,40n,60p,3000b,4000s

Output written on ps7-owl-solns.dvi (11 pages, 29788 bytes).
